This file contains any messages produced by compilers while
running configure, to aid debugging if configure makes a mistake.

It was created by uri_grammar configure 0.3, which was
generated by GNU Autoconf 2.69.  Invocation command line was

  $ ./configure 

## --------- ##
## Platform. ##
## --------- ##

hostname = simac.local
uname -m = x86_64
uname -r = 17.4.0
uname -s = Darwin
uname -v = Darwin Kernel Version 17.4.0: Sun Dec 17 09:19:54 PST 2017; root:xnu-4570.41.2~1/RELEASE_X86_64

/usr/bin/uname -p = i386
/bin/uname -X     = unknown

/bin/arch              = unknown
/usr/bin/arch -k       = unknown
/usr/convex/getsysinfo = unknown
/usr/bin/hostinfo      = Mach kernel version:
	 Darwin Kernel Version 17.4.0: Sun Dec 17 09:19:54 PST 2017; root:xnu-4570.41.2~1/RELEASE_X86_64
Kernel configured for up to 8 processors.
4 processors are physically available.
8 processors are logically available.
Processor type: i486 (Intel 80486)
Processors active: 0 1 2 3 4 5 6 7
Primary memory available: 16.00 gigabytes
Default processor set: 418 tasks, 2109 threads, 8 processors
Load average: 2.41, Mach factor: 5.58
/bin/machine           = unknown
/usr/bin/oslevel       = unknown
/bin/universe          = unknown

PATH: /opt/local/bin
PATH: /opt/local/sbin
PATH: /opt/local/bin
PATH: /opt/local/sbin
PATH: /opt/local/bin
PATH: /opt/local/sbin
PATH: /opt/local/bin
PATH: /opt/local/sbin
PATH: /opt/local/bin
PATH: /opt/local/sbin
PATH: /opt/local/bin
PATH: /Developer/NVIDIA/CUDA-7.5/bin
PATH: /usr/local/bin
PATH: /usr/bin
PATH: /bin
PATH: /usr/sbin
PATH: /sbin
PATH: /opt/X11/bin
PATH: /usr/local/git/bin
PATH: /Applications/MAMP/Library/bin/mysql
PATH: /Users/simon/Applications/adt-bundle-mac/sdk/platform-tools/
PATH: /Applications/MAMP/Library/bin/
PATH: /Users/simon/Applications/android-ndk-r9
PATH: /Users/simon/Applications/adt-bundle-mac/sdk/tools
PATH: /Users/simon/Applications/adt-bundle-mac/sdk/platform-tools
PATH: /Users/simon/Applications/adt-bundle-mac/eclipse/Eclipse.app/Contents/MacOS
PATH: /Users/simon/.platformio/packages/tool-stlink/
PATH: /Users/simon/.platformio/packages/toolchain-gccarmnoneeabi/bin/
PATH: /Users/simon/Projects/repo/micmac/bin


## ----------- ##
## Core tests. ##
## ----------- ##

configure:1842: checking for g++
configure:1858: found /usr/bin/g++
configure:1869: result: g++
configure:1896: checking for C++ compiler version
configure:1905: g++ --version >&5
Apple LLVM version 8.0.0 (clang-800.0.42.1)
Target: x86_64-apple-darwin17.4.0
Thread model: posix
InstalledDir: /Applications/Xcode.app/Contents/Developer/Toolchains/XcodeDefault.xctoolchain/usr/bin
Configured with: --prefix=/Applications/Xcode.app/Contents/Developer/usr --with-gxx-include-dir=/usr/include/c++/4.2.1
configure:1916: $? = 0
configure:1905: g++ -v >&5
Configured with: --prefix=/Applications/Xcode.app/Contents/Developer/usr --with-gxx-include-dir=/usr/include/c++/4.2.1
Apple LLVM version 8.0.0 (clang-800.0.42.1)
Target: x86_64-apple-darwin17.4.0
Thread model: posix
InstalledDir: /Applications/Xcode.app/Contents/Developer/Toolchains/XcodeDefault.xctoolchain/usr/bin
configure:1916: $? = 0
configure:1905: g++ -V >&5
clang: error: argument to '-V' is missing (expected 1 value)
clang: error: no input files
configure:1916: $? = 1
configure:1905: g++ -qversion >&5
clang: error: unknown argument: '-qversion'
clang: error: no input files
configure:1916: $? = 1
configure:1936: checking whether the C++ compiler works
configure:1958: g++    conftest.cpp  >&5
configure:1962: $? = 0
configure:2010: result: yes
configure:2013: checking for C++ compiler default output file name
configure:2015: result: a.out
configure:2021: checking for suffix of executables
configure:2028: g++ -o conftest    conftest.cpp  >&5
configure:2032: $? = 0
configure:2054: result: 
configure:2076: checking whether we are cross compiling
configure:2084: g++ -o conftest    conftest.cpp  >&5
configure:2088: $? = 0
configure:2095: ./conftest
configure:2099: $? = 0
configure:2114: result: no
configure:2119: checking for suffix of object files
configure:2141: g++ -c   conftest.cpp >&5
configure:2145: $? = 0
configure:2166: result: o
configure:2170: checking whether we are using the GNU C++ compiler
configure:2189: g++ -c   conftest.cpp >&5
configure:2189: $? = 0
configure:2198: result: yes
configure:2207: checking whether g++ accepts -g
configure:2227: g++ -c -g  conftest.cpp >&5
configure:2227: $? = 0
configure:2268: result: yes

## ---------------- ##
## Cache variables. ##
## ---------------- ##

ac_cv_cxx_compiler_gnu=yes
ac_cv_env_BOOST_LIB_SUFFIX_set=
ac_cv_env_BOOST_LIB_SUFFIX_value=
ac_cv_env_CCC_set=
ac_cv_env_CCC_value=
ac_cv_env_CPPFLAGS_set=
ac_cv_env_CPPFLAGS_value=
ac_cv_env_CXXFLAGS_set=
ac_cv_env_CXXFLAGS_value=
ac_cv_env_CXX_set=
ac_cv_env_CXX_value=
ac_cv_env_LDFLAGS_set=
ac_cv_env_LDFLAGS_value=
ac_cv_env_LIBS_set=
ac_cv_env_LIBS_value=
ac_cv_env_build_alias_set=
ac_cv_env_build_alias_value=
ac_cv_env_host_alias_set=
ac_cv_env_host_alias_value=
ac_cv_env_target_alias_set=
ac_cv_env_target_alias_value=
ac_cv_objext=o
ac_cv_prog_ac_ct_CXX=g++
ac_cv_prog_cxx_g=yes

## ----------------- ##
## Output variables. ##
## ----------------- ##

BOOST_LIB_SUFFIX=''
CPPFLAGS=''
CXX='g++'
CXXFLAGS='-g -O2'
DEFS=''
ECHO_C='\c'
ECHO_N=''
ECHO_T=''
EXEEXT=''
LDFLAGS=''
LIBOBJS=''
LIBS=''
LTLIBOBJS=''
OBJEXT='o'
PACKAGE_BUGREPORT='braden@endoframe.com'
PACKAGE_NAME='uri_grammar'
PACKAGE_STRING='uri_grammar 0.3'
PACKAGE_TARNAME='uri_grammar'
PACKAGE_URL=''
PACKAGE_VERSION='0.3'
PATH_SEPARATOR=':'
SHELL='/bin/sh'
ac_ct_CXX='g++'
bindir='${exec_prefix}/bin'
build_alias=''
datadir='${datarootdir}'
datarootdir='${prefix}/share'
docdir='${datarootdir}/doc/${PACKAGE_TARNAME}'
dvidir='${docdir}'
exec_prefix='NONE'
host_alias=''
htmldir='${docdir}'
includedir='${prefix}/include'
infodir='${datarootdir}/info'
libdir='${exec_prefix}/lib'
libexecdir='${exec_prefix}/libexec'
localedir='${datarootdir}/locale'
localstatedir='${prefix}/var'
mandir='${datarootdir}/man'
oldincludedir='/usr/include'
pdfdir='${docdir}'
prefix='NONE'
program_transform_name='s,x,x,'
psdir='${docdir}'
sbindir='${exec_prefix}/sbin'
sharedstatedir='${prefix}/com'
sysconfdir='${prefix}/etc'
target_alias=''

## ----------- ##
## confdefs.h. ##
## ----------- ##

/* confdefs.h */
#define PACKAGE_NAME "uri_grammar"
#define PACKAGE_TARNAME "uri_grammar"
#define PACKAGE_VERSION "0.3"
#define PACKAGE_STRING "uri_grammar 0.3"
#define PACKAGE_BUGREPORT "braden@endoframe.com"
#define PACKAGE_URL ""

configure: exit 258
